<?xml version="1.0" encoding="UTF-8"?>
<robot generator="Robot 7.2 (Python 3.12.8 on win32)" generated="2025-02-06T11:54:27.943951" rpa="false" schemaversion="5">
<suite id="s1" name="PythonProject" source="C:\Users\SalmanAlkhalifah\PycharmProjects\PythonProject">
<suite id="s1-s1" name="Tests" source="C:\Users\SalmanAlkhalifah\PycharmProjects\PythonProject\tests">
<suite id="s1-s1-s1" name="Test Login" source="C:\Users\SalmanAlkhalifah\PycharmProjects\PythonProject\tests\test_login.robot">
<test id="s1-s1-s1-t1" name="FULL TRACK OF ORDER" line="66">
<kw name="Open Swag Labs App" owner="keywords">
<kw name="Open Application" owner="AppiumLibrary">
<arg>${APPIUM_SERVER}</arg>
<arg>platformName=${PLATFORM_NAME}</arg>
<arg>deviceName=${DEVICE_NAME}</arg>
<arg>automationName=${AUTOMATION_NAME}</arg>
<arg>appPackage=${APP_PACKAGE}</arg>
<arg>appActivity=${APP_ACTIVITY}</arg>
<doc>Opens a new application to given Appium server.
Capabilities of appium server, Android and iOS,
Please check https://appium.io/docs/en/2.1/cli/args/
| *Option*            | *Man.* | *Description*     |
| remote_url          | Yes    | Appium server url |
| alias               | no     | alias             |
| strict_ssl          | No     | allows you to send commands to an invalid certificate host like a self-signed one. |</doc>
<status status="PASS" start="2025-02-06T11:54:28.202141" elapsed="5.634710"/>
</kw>
<kw name="Sleep" owner="BuiltIn">
<msg time="2025-02-06T11:54:34.838120" level="INFO">Slept 1 second.</msg>
<arg>1s</arg>
<doc>Pauses the test executed for the given time.</doc>
<status status="PASS" start="2025-02-06T11:54:33.836851" elapsed="1.001269"/>
</kw>
<status status="PASS" start="2025-02-06T11:54:28.202141" elapsed="6.635979"/>
</kw>
<kw name="Login to Swag Labs" owner="keywords">
<kw name="Input Text" owner="AppiumLibrary">
<msg time="2025-02-06T11:54:34.840540" level="INFO">Typing text 'standard_user' into text field 'xpath=//android.widget.EditText[@content-desc="test-Username"]'</msg>
<msg time="2025-02-06T11:54:36.430301" level="INFO">xpath criteria: //android.widget.EditText[@content-desc="test-Username"]</msg>
<arg>${USERNAME_FIELD}</arg>
<arg>${USERNAME}</arg>
<doc>Types the given `text` into text field identified by `locator`.</doc>
<status status="PASS" start="2025-02-06T11:54:34.839535" elapsed="1.590766"/>
</kw>
<kw name="Input Text" owner="AppiumLibrary">
<msg time="2025-02-06T11:54:36.432299" level="INFO">Typing text 'secret_sauce' into text field 'xpath=//android.widget.EditText[@content-desc="test-Password"]'</msg>
<msg time="2025-02-06T11:54:37.463659" level="INFO">xpath criteria: //android.widget.EditText[@content-desc="test-Password"]</msg>
<arg>${PASSWORD_FIELD}</arg>
<arg>${PASSWORD}</arg>
<doc>Types the given `text` into text field identified by `locator`.</doc>
<status status="PASS" start="2025-02-06T11:54:36.431298" elapsed="1.032361"/>
</kw>
<kw name="Click Element" owner="AppiumLibrary">
<msg time="2025-02-06T11:54:37.466170" level="INFO">Clicking element 'xpath=//android.view.ViewGroup[@content-desc="test-LOGIN"]'.</msg>
<msg time="2025-02-06T11:54:38.074617" level="INFO">xpath criteria: //android.view.ViewGroup[@content-desc="test-LOGIN"]</msg>
<arg>${LOGIN_BUTTON}</arg>
<doc>Click element identified by `locator`.</doc>
<status status="PASS" start="2025-02-06T11:54:37.464659" elapsed="0.609958"/>
</kw>
<kw name="Sleep" owner="BuiltIn">
<msg time="2025-02-06T11:54:40.074818" level="INFO">Slept 2 seconds.</msg>
<arg>2s</arg>
<doc>Pauses the test executed for the given time.</doc>
<status status="PASS" start="2025-02-06T11:54:38.074617" elapsed="2.000201"/>
</kw>
<status status="PASS" start="2025-02-06T11:54:34.838120" elapsed="5.236698"/>
</kw>
<kw name="Validate item is found" owner="keywords">
<kw name="Sleep" owner="BuiltIn">
<msg time="2025-02-06T11:54:41.077417" level="INFO">Slept 1 second.</msg>
<arg>1s</arg>
<doc>Pauses the test executed for the given time.</doc>
<status status="PASS" start="2025-02-06T11:54:40.076014" elapsed="1.001403"/>
</kw>
<kw name="Element Should Be Enabled" owner="AppiumLibrary">
<msg time="2025-02-06T11:54:41.224855" level="INFO">Element 'xpath=//android.widget.TextView[@content-desc="test-Item title" and @text="Sauce Labs Backpack"]' is enabled .</msg>
<msg time="2025-02-06T11:54:41.224855" level="INFO">xpath criteria: //android.widget.TextView[@content-desc="test-Item title" and @text="Sauce Labs Backpack"]</msg>
<arg>${ITEM_Backpack}</arg>
<doc>Verifies that element identified with locator is enabled.</doc>
<status status="PASS" start="2025-02-06T11:54:41.077417" elapsed="0.147438"/>
</kw>
<status status="PASS" start="2025-02-06T11:54:40.076014" elapsed="1.148841"/>
</kw>
<kw name="Click To Add Item" owner="keywords">
<kw name="Click Element" owner="AppiumLibrary">
<msg time="2025-02-06T11:54:41.227468" level="INFO">Clicking element 'xpath=//android.widget.TextView[@content-desc="test-Item title" and @text="Sauce Labs Backpack"]'.</msg>
<msg time="2025-02-06T11:54:41.386950" level="INFO">xpath criteria: //android.widget.TextView[@content-desc="test-Item title" and @text="Sauce Labs Backpack"]</msg>
<arg>${ITEM_Backpack}</arg>
<doc>Click element identified by `locator`.</doc>
<status status="PASS" start="2025-02-06T11:54:41.226541" elapsed="0.160409"/>
</kw>
<status status="PASS" start="2025-02-06T11:54:41.226541" elapsed="0.160409"/>
</kw>
<kw name="Scroll Down To Add To Cart" owner="keywords">
<kw name="Sleep" owner="BuiltIn">
<msg time="2025-02-06T11:54:42.389395" level="INFO">Slept 1 second.</msg>
<arg>1s</arg>
<doc>Pauses the test executed for the given time.</doc>
<status status="PASS" start="2025-02-06T11:54:41.387957" elapsed="1.001438"/>
</kw>
<kw name="Swipe" owner="AppiumLibrary">
<arg>806</arg>
<arg>1809</arg>
<arg>783</arg>
<arg>1076</arg>
<arg>1000</arg>
<doc>Swipe from one point to another point, for an optional duration.</doc>
<status status="PASS" start="2025-02-06T11:54:42.389395" elapsed="1.313485"/>
</kw>
<kw name="Click Element" owner="AppiumLibrary">
<msg time="2025-02-06T11:54:43.703887" level="INFO">Clicking element 'xpath=//android.view.ViewGroup[@content-desc="test-ADD TO CART"]'.</msg>
<msg time="2025-02-06T11:54:44.621810" level="INFO">xpath criteria: //android.view.ViewGroup[@content-desc="test-ADD TO CART"]</msg>
<arg>${ADD_TO_CART}</arg>
<doc>Click element identified by `locator`.</doc>
<status status="PASS" start="2025-02-06T11:54:43.702880" elapsed="0.918930"/>
</kw>
<kw name="Sleep" owner="BuiltIn">
<msg time="2025-02-06T11:54:45.623681" level="INFO">Slept 1 second.</msg>
<arg>1s</arg>
<doc>Pauses the test executed for the given time.</doc>
<status status="PASS" start="2025-02-06T11:54:44.621810" elapsed="1.001871"/>
</kw>
<status status="PASS" start="2025-02-06T11:54:41.387957" elapsed="4.235724"/>
</kw>
<kw name="Click in Cart" owner="keywords">
<kw name="Click Element" owner="AppiumLibrary">
<msg time="2025-02-06T11:54:45.629518" level="INFO">Clicking element 'xpath=//android.view.ViewGroup[@content-desc="test-Cart"]/android.view.ViewGroup/android.widget.ImageView'.</msg>
<msg time="2025-02-06T11:54:45.763236" level="INFO">xpath criteria: //android.view.ViewGroup[@content-desc="test-Cart"]/android.view.ViewGroup/android.widget.ImageView</msg>
<arg>${CART_IMAGE}</arg>
<doc>Click element identified by `locator`.</doc>
<status status="PASS" start="2025-02-06T11:54:45.624962" elapsed="0.138274"/>
</kw>
<kw name="Sleep" owner="BuiltIn">
<msg time="2025-02-06T11:54:46.763605" level="INFO">Slept 1 second.</msg>
<arg>1s</arg>
<doc>Pauses the test executed for the given time.</doc>
<status status="PASS" start="2025-02-06T11:54:45.763236" elapsed="1.000369"/>
</kw>
<status status="PASS" start="2025-02-06T11:54:45.624962" elapsed="1.138643"/>
</kw>
<kw name="Validate item added in cart" owner="keywords">
<kw name="Sleep" owner="BuiltIn">
<msg time="2025-02-06T11:54:47.766776" level="INFO">Slept 1 second.</msg>
<arg>1s</arg>
<doc>Pauses the test executed for the given time.</doc>
<status status="PASS" start="2025-02-06T11:54:46.766206" elapsed="1.000570"/>
</kw>
<kw name="Element Should Be Enabled" owner="AppiumLibrary">
<msg time="2025-02-06T11:54:47.868242" level="INFO">Element 'xpath=//android.widget.TextView[@text="Sauce Labs Backpack"]' is enabled .</msg>
<msg time="2025-02-06T11:54:47.868242" level="INFO">xpath criteria: //android.widget.TextView[@text="Sauce Labs Backpack"]</msg>
<arg>xpath=//android.widget.TextView[@text="Sauce Labs Backpack"]</arg>
<doc>Verifies that element identified with locator is enabled.</doc>
<status status="PASS" start="2025-02-06T11:54:47.766776" elapsed="0.101466"/>
</kw>
<status status="PASS" start="2025-02-06T11:54:46.766206" elapsed="1.103032"/>
</kw>
<kw name="Checkout" owner="keywords">
<kw name="Click Element" owner="AppiumLibrary">
<msg time="2025-02-06T11:54:47.871239" level="INFO">Clicking element 'xpath=//android.view.ViewGroup[@content-desc="test-CHECKOUT"]'.</msg>
<msg time="2025-02-06T11:54:47.994612" level="INFO">xpath criteria: //android.view.ViewGroup[@content-desc="test-CHECKOUT"]</msg>
<arg>${CHECKOUT}</arg>
<doc>Click element identified by `locator`.</doc>
<status status="PASS" start="2025-02-06T11:54:47.869238" elapsed="0.125374"/>
</kw>
<kw name="Sleep" owner="BuiltIn">
<msg time="2025-02-06T11:54:48.995033" level="INFO">Slept 1 second.</msg>
<arg>1s</arg>
<doc>Pauses the test executed for the given time.</doc>
<status status="PASS" start="2025-02-06T11:54:47.994612" elapsed="1.000421"/>
</kw>
<status status="PASS" start="2025-02-06T11:54:47.869238" elapsed="1.125795"/>
</kw>
<kw name="Validate checkout page show" owner="keywords">
<kw name="Sleep" owner="BuiltIn">
<msg time="2025-02-06T11:54:49.996349" level="INFO">Slept 1 second.</msg>
<arg>1s</arg>
<doc>Pauses the test executed for the given time.</doc>
<status status="PASS" start="2025-02-06T11:54:48.996137" elapsed="1.000212"/>
</kw>
<kw name="Element Should Be Enabled" owner="AppiumLibrary">
<msg time="2025-02-06T11:54:50.096324" level="INFO">Element 'Xpath=//android.widget.TextView[@text="CHECKOUT: INFORMATION"]' is enabled .</msg>
<msg time="2025-02-06T11:54:50.096324" level="INFO">xpath criteria: //android.widget.TextView[@text="CHECKOUT: INFORMATION"]</msg>
<arg>Xpath=//android.widget.TextView[@text="CHECKOUT: INFORMATION"]</arg>
<doc>Verifies that element identified with locator is enabled.</doc>
<status status="PASS" start="2025-02-06T11:54:49.996349" elapsed="0.099975"/>
</kw>
<status status="PASS" start="2025-02-06T11:54:48.995033" elapsed="1.108539"/>
</kw>
<kw name="Fill Checkout information" owner="keywords">
<kw name="Input Text" owner="AppiumLibrary">
<msg time="2025-02-06T11:54:50.104605" level="INFO">Typing text 'Salman' into text field 'xpath=//android.widget.EditText[@content-desc="test-First Name"]'</msg>
<msg time="2025-02-06T11:54:50.718340" level="INFO">xpath criteria: //android.widget.EditText[@content-desc="test-First Name"]</msg>
<arg>${FIRST_NAME}</arg>
<arg>Salman</arg>
<doc>Types the given `text` into text field identified by `locator`.</doc>
<status status="PASS" start="2025-02-06T11:54:50.104605" elapsed="0.613735"/>
</kw>
<kw name="Input Text" owner="AppiumLibrary">
<msg time="2025-02-06T11:54:50.720602" level="INFO">Typing text 'Saleh' into text field 'xpath=//android.widget.EditText[@content-desc="test-Last Name"]'</msg>
<msg time="2025-02-06T11:54:51.821132" level="INFO">xpath criteria: //android.widget.EditText[@content-desc="test-Last Name"]</msg>
<arg>${LAST_NAME}</arg>
<arg>Saleh</arg>
<doc>Types the given `text` into text field identified by `locator`.</doc>
<status status="PASS" start="2025-02-06T11:54:50.718340" elapsed="1.102792"/>
</kw>
<kw name="Input Text" owner="AppiumLibrary">
<msg time="2025-02-06T11:54:51.824658" level="INFO">Typing text '33224' into text field 'Xpath=//android.widget.EditText[@content-desc="test-Zip/Postal Code"]'</msg>
<msg time="2025-02-06T11:54:52.924320" level="INFO">xpath criteria: //android.widget.EditText[@content-desc="test-Zip/Postal Code"]</msg>
<arg>${POSTAL_CODE}</arg>
<arg>33224</arg>
<doc>Types the given `text` into text field identified by `locator`.</doc>
<status status="PASS" start="2025-02-06T11:54:51.821132" elapsed="1.103188"/>
</kw>
<kw name="Click Element" owner="AppiumLibrary">
<msg time="2025-02-06T11:54:52.926316" level="INFO">Clicking element 'xpath=//android.view.ViewGroup[@content-desc="test-CONTINUE"]'.</msg>
<msg time="2025-02-06T11:54:53.523109" level="INFO">xpath criteria: //android.view.ViewGroup[@content-desc="test-CONTINUE"]</msg>
<arg>${CONTINUE}</arg>
<doc>Click element identified by `locator`.</doc>
<status status="PASS" start="2025-02-06T11:54:52.924320" elapsed="0.598789"/>
</kw>
<status status="PASS" start="2025-02-06T11:54:50.103572" elapsed="3.419537"/>
</kw>
<kw name="Swap in information page and Finish The Order" owner="keywords">
<kw name="Sleep" owner="BuiltIn">
<msg time="2025-02-06T11:54:54.524438" level="INFO">Slept 1 second.</msg>
<arg>1s</arg>
<doc>Pauses the test executed for the given time.</doc>
<status status="PASS" start="2025-02-06T11:54:53.524123" elapsed="1.000315"/>
</kw>
<kw name="Swipe" owner="AppiumLibrary">
<arg>811</arg>
<arg>1438</arg>
<arg>829</arg>
<arg>893</arg>
<arg>500</arg>
<doc>Swipe from one point to another point, for an optional duration.</doc>
<status status="PASS" start="2025-02-06T11:54:54.524438" elapsed="0.813409"/>
</kw>
<kw name="Sleep" owner="BuiltIn">
<msg time="2025-02-06T11:54:56.338983" level="INFO">Slept 1 second.</msg>
<arg>1s</arg>
<doc>Pauses the test executed for the given time.</doc>
<status status="PASS" start="2025-02-06T11:54:55.338848" elapsed="1.000135"/>
</kw>
<kw name="Click Element" owner="AppiumLibrary">
<msg time="2025-02-06T11:54:56.340537" level="INFO">Clicking element 'xpath=//android.view.ViewGroup[@content-desc="test-FINISH"]'.</msg>
<msg time="2025-02-06T11:54:56.453424" level="INFO">xpath criteria: //android.view.ViewGroup[@content-desc="test-FINISH"]</msg>
<arg>${FINISH_BUTTON}</arg>
<doc>Click element identified by `locator`.</doc>
<status status="PASS" start="2025-02-06T11:54:56.338983" elapsed="0.114441"/>
</kw>
<kw name="Sleep" owner="BuiltIn">
<msg time="2025-02-06T11:54:57.454120" level="INFO">Slept 1 second.</msg>
<arg>1s</arg>
<doc>Pauses the test executed for the given time.</doc>
<status status="PASS" start="2025-02-06T11:54:56.453424" elapsed="1.000696"/>
</kw>
<status status="PASS" start="2025-02-06T11:54:53.524123" elapsed="3.929997"/>
</kw>
<kw name="validate finish order" owner="keywords">
<kw name="Element Should Be Enabled" owner="AppiumLibrary">
<msg time="2025-02-06T11:54:57.605238" level="INFO">Element 'xpath=//android.widget.TextView[@text="CHECKOUT: COMPLETE!"]' is enabled .</msg>
<msg time="2025-02-06T11:54:57.605238" level="INFO">xpath criteria: //android.widget.TextView[@text="CHECKOUT: COMPLETE!"]</msg>
<arg>xpath=//android.widget.TextView[@text="CHECKOUT: COMPLETE!"]</arg>
<doc>Verifies that element identified with locator is enabled.</doc>
<status status="PASS" start="2025-02-06T11:54:57.456147" elapsed="0.149091"/>
</kw>
<kw name="Element Should Be Enabled" owner="AppiumLibrary">
<msg time="2025-02-06T11:54:57.682155" level="INFO">Element 'xpath=//android.widget.TextView[@text="THANK YOU FOR YOU ORDER"]' is enabled .</msg>
<msg time="2025-02-06T11:54:57.683178" level="INFO">xpath criteria: //android.widget.TextView[@text="THANK YOU FOR YOU ORDER"]</msg>
<arg>xpath=//android.widget.TextView[@text="THANK YOU FOR YOU ORDER"]</arg>
<doc>Verifies that element identified with locator is enabled.</doc>
<status status="PASS" start="2025-02-06T11:54:57.605238" elapsed="0.077940"/>
</kw>
<kw name="Element Should Be Enabled" owner="AppiumLibrary">
<msg time="2025-02-06T11:54:57.771140" level="INFO">Element 'xpath=//android.widget.TextView[@text="Your order has been dispatched, and will arrive just as fast as the pony can get there!"]' is enabled .</msg>
<msg time="2025-02-06T11:54:57.771140" level="INFO">xpath criteria: //android.widget.TextView[@text="Your order has been dispatched, and will arrive just as fast as the pony can get there!"]</msg>
<arg>xpath=//android.widget.TextView[@text="Your order has been dispatched, and will arrive just as fast as the pony can get there!"]</arg>
<doc>Verifies that element identified with locator is enabled.</doc>
<status status="PASS" start="2025-02-06T11:54:57.683178" elapsed="0.088960"/>
</kw>
<kw name="Element Should Be Enabled" owner="AppiumLibrary">
<msg time="2025-02-06T11:54:57.844696" level="INFO">Element 'xpath=//android.widget.ScrollView[@content-desc="test-CHECKOUT: COMPLETE!"]/android.view.ViewGroup/android.widget.ImageView' is enabled .</msg>
<msg time="2025-02-06T11:54:57.844696" level="INFO">xpath criteria: //android.widget.ScrollView[@content-desc="test-CHECKOUT: COMPLETE!"]/android.view.ViewGroup/android.widget.ImageView</msg>
<arg>xpath=//android.widget.ScrollView[@content-desc="test-CHECKOUT: COMPLETE!"]/android.view.ViewGroup/android.widget.ImageView</arg>
<doc>Verifies that element identified with locator is enabled.</doc>
<status status="PASS" start="2025-02-06T11:54:57.772138" elapsed="0.072558"/>
</kw>
<status status="PASS" start="2025-02-06T11:54:57.455168" elapsed="0.389528"/>
</kw>
<kw name="Close Swag Labs App" owner="keywords">
<kw name="Sleep" owner="BuiltIn">
<msg time="2025-02-06T11:55:02.846869" level="INFO">Slept 5 seconds.</msg>
<arg>5s</arg>
<doc>Pauses the test executed for the given time.</doc>
<status status="PASS" start="2025-02-06T11:54:57.846280" elapsed="5.000589"/>
</kw>
<kw name="Close Application" owner="AppiumLibrary">
<doc>Closes the current application and also close webdriver session.</doc>
<status status="PASS" start="2025-02-06T11:55:02.847890" elapsed="0.381316"/>
</kw>
<status status="PASS" start="2025-02-06T11:54:57.844696" elapsed="5.384510"/>
</kw>
<status status="PASS" start="2025-02-06T11:54:28.200635" elapsed="35.029636"/>
</test>
<status status="PASS" start="2025-02-06T11:54:27.987675" elapsed="35.243608"/>
</suite>
<status status="PASS" start="2025-02-06T11:54:27.986636" elapsed="35.246645"/>
</suite>
<status status="PASS" start="2025-02-06T11:54:27.945950" elapsed="35.289864"/>
</suite>
<statistics>
<total>
<stat pass="1" fail="0" skip="0">All Tests</stat>
</total>
<tag>
</tag>
<suite>
<stat name="PythonProject" id="s1" pass="1" fail="0" skip="0">PythonProject</stat>
<stat name="Tests" id="s1-s1" pass="1" fail="0" skip="0">PythonProject.Tests</stat>
<stat name="Test Login" id="s1-s1-s1" pass="1" fail="0" skip="0">PythonProject.Tests.Test Login</stat>
</suite>
</statistics>
<errors>
</errors>
</robot>
